patolindo criou uma casa. Local: Ganton, ID: 0
patolindo criou uma casa. Local: Ganton, ID: 1
patolindo criou uma casa. Local: Ganton, ID: 2
patolindo criou uma casa. Local: Ganton, ID: 3
patolindo criou uma casa. Local: Ganton, ID: 4
patolindo criou uma casa. Local: Idlewood, ID: 5
patolindo criou uma casa. Local: Idlewood, ID: 6
patolindo criou uma casa. Local: Idlewood, ID: 7
patolindo criou uma casa. Local: Idlewood, ID: 8
patolindo criou uma casa. Local: Idlewood, ID: 9
Trooner_L0C0 criou uma casa. Local: Mulholland, ID: 10
Bernardo_ criou uma casa. Local: Rodeo, ID: 11
Bernardo_ criou uma casa. Local: Rodeo, ID: 12
patolindo criou uma casa. Local: Richman, ID: 13
patolindo criou uma casa. Local: Richman, ID: 14
patolindo criou uma casa. Local: Richman, ID: 15
patolindo criou uma casa. Local: Richman, ID: 16
patolindo criou uma casa. Local: Richman, ID: 17
patolindo criou uma casa. Local: Richman, ID: 18
patolindo criou uma casa. Local: Richman, ID: 19
patolindo criou uma casa. Local: Richman, ID: 20
patolindo criou uma casa. Local: Richman, ID: 21
patolindo criou uma casa. Local: Richman, ID: 22
patolindo criou uma casa. Local: Richman, ID: 23
patolindo criou uma casa. Local: Mulholland, ID: 24
patolindo criou uma casa. Local: Mulholland, ID: 25
patolindo criou uma casa. Local: Red County, ID: 26
patolindo criou uma casa. Local: Red County, ID: 27
patolindo criou uma casa. Local: Red County, ID: 28
Vitor_Dono criou uma casa. Local: The Camel's Toe, ID: 29
Vitor_Dono criou uma casa. Local: The High Roller, ID: 30
Vitor_Dono criou uma casa. Local: Caligula's Palace, ID: 31
Vitor_Dono criou uma casa. Local: The Visage, ID: 32
patolindo criou uma casa. Local: Fazenda do Dyow e da Kynha, ID: 33
patolindo criou uma casa. Local: Fazenda do Dyow e da Kynha, ID: 34
patolindo criou uma casa. Local: Richman, ID: 35
Daniel criou uma casa. Local: Vinewood, ID: 36
Vitor_Dono criou uma casa. Local: Commerce, ID: 37
Vitor_Dono criou uma casa. Local: Commerce, ID: 38
CoToCo_NIce criou uma casa. Local: Commerce, ID: 39
Vitor_Dono criou uma casa. Local: Marina, ID: 40
Vitor_Dono criou uma casa. Local: Marina, ID: 41
Gabriel_Dono criou uma casa. Local: The Big Ear, ID: 42
Gabriel_Dono criou uma casa. Local: Commerce, ID: 12
Gabriel_Dono criou uma casa. Local: Ganton, ID: 38
Gabriel_Dono criou uma casa. Local: Idlewood, ID: 43
Gabriel_Dono criou uma casa. Local: Idlewood, ID: 44
Gabriel_Dono criou uma casa. Local: Idlewood, ID: 45
Gabriel_Dono criou uma casa. Local: Idlewood, ID: 46
Gabriel_Dono criou uma casa. Local: Idlewood, ID: 47
Gabriel_Dono criou uma casa. Local: Idlewood, ID: 48
Gabriel_Dono criou uma casa. Local: Idlewood, ID: 49
Gabriel_Dono criou uma casa. Local: Idlewood, ID: 50
Gabriel_Dono criou uma casa. Local: Idlewood, ID: 51
Gabriel_Dono criou uma casa. Local: Idlewood, ID: 52
CoToCo_NIce criou uma casa. Local: Las Colinas, ID: 53
CoToCo_NIce criou uma casa. Local: Las Colinas, ID: 54
CoToCo_NIce criou uma casa. Local: Las Colinas, ID: 55
CoToCo_NIce criou uma casa. Local: Las Colinas, ID: 56
CoToCo_NIce criou uma casa. Local: Las Colinas, ID: 57
CoToCo_NIce criou uma casa. Local: Las Colinas, ID: 58
CoToCo_NIce criou uma casa. Local: Las Colinas, ID: 59
CoToCo_NIce criou uma casa. Local: Las Colinas, ID: 60
CoToCo_NIce criou uma casa. Local: Las Colinas, ID: 61
CoToCo_NIce criou uma casa. Local: Las Colinas, ID: 62
CoToCo_NIce criou uma casa. Local: Las Colinas, ID: 63
CoToCo_NIce criou uma casa. Local: Las Colinas, ID: 64
CoToCo_NIce criou uma casa. Local: Ganton, ID: 65
CoToCo_NIce criou uma casa. Local: Ganton, ID: 66
CoToCo_NIce criou uma casa. Local: Ganton, ID: 67
CoToCo_NIce criou uma casa. Local: Ganton, ID: 68
CoToCo_NIce criou uma casa. Local: Ganton, ID: 69
CoToCo_NIce criou uma casa. Local: Ganton, ID: 70
CoToCo_NIce criou uma casa. Local: Ganton, ID: 71
CoToCo_NIce criou uma casa. Local: Jefferson, ID: 72
CoToCo_NIce criou uma casa. Local: Jefferson, ID: 73
CoToCo_NIce criou uma casa. Local: Jefferson, ID: 74
CoToCo_NIce criou uma casa. Local: Jefferson, ID: 75
CoToCo_NIce criou uma casa. Local: Jefferson, ID: 76
[BRV]_Gabriel criou uma casa. Local: Los Santos, ID: 77
[BRV]_Gabriel criou uma casa. Local: Los Santos, ID: 78
[BRV]_Gabriel criou uma casa. Local: Los Santos, ID: 79
[BRV]_Gabriel criou uma casa. Local: Los Santos, ID: 80
[BRV]_Gabriel criou uma casa. Local: Los Santos, ID: 81
[BRV]_Gabriel criou uma casa. Local: Los Santos, ID: 82
[BRV]_Gabriel criou uma casa. Local: Los Santos, ID: 83
[BRV]_Gabriel criou uma casa. Local: Los Santos, ID: 84
Vitor_Dono criou uma casa. Local: Los Santos, ID: 85
Vitor_Dono criou uma casa. Local: Los Santos, ID: 86
Vitor_Dono criou uma casa. Local: Los Santos, ID: 87
[BRV]_Gabriel criou uma casa. Local: Los Santos, ID: 88
Vitor_Dono criou uma casa. Local: Los Santos, ID: 89
Vitor_Dono criou uma casa. Local: Los Santos, ID: 90
Vitor_Dono criou uma casa. Local: Avispa Country Club, ID: 91
Vitor_Dono criou uma casa. Local: Come-A-Lot, ID: 92
Vitor_Dono criou uma casa. Local: Pirates in Men's Pants, ID: 93
Vitor_Dono criou uma casa. Local: The Emerald Isle, ID: 94
[BRV]_Gabriel criou uma casa. Local: Idlewood, ID: 95
[BRV]_Gabriel criou uma casa. Local: Idlewood, ID: 96
[BRV]_Gabriel criou uma casa. Local: Idlewood, ID: 97
[BRV]_Gabriel criou uma casa. Local: Idlewood, ID: 98
[BRV]_Gabriel criou uma casa. Local: Idlewood, ID: 99
[BRV]_Gabriel criou uma casa. Local: Idlewood, ID: 100
[BRV]_Gabriel criou uma casa. Local: Idlewood, ID: 101
[BRV]_Gabriel criou uma casa. Local: Idlewood, ID: 102
[BRV]_Gabriel criou uma casa. Local: Idlewood, ID: 103
[BRV]_Gabriel criou uma casa. Local: Idlewood, ID: 104
[BRV]_Gabriel criou uma casa. Local: Idlewood, ID: 105
[BRV]_Gabriel criou uma casa. Local: Idlewood, ID: 106
[BRV]_Gabriel criou uma casa. Local: Idlewood, ID: 107
[BRV]_Gabriel criou uma casa. Local: Idlewood, ID: 108
[BRV]_Gabriel criou uma casa. Local: Idlewood, ID: 109
[BRV]_Gabriel criou uma casa. Local: Idlewood, ID: 110
[BRV]_Gabriel criou uma casa. Local: Idlewood, ID: 111
[BRV]_Gabriel criou uma casa. Local: Idlewood, ID: 112
Vitor_Dono criou uma casa. Local: Mulholland, ID: 113
Alex_B0BS criou uma casa. Local: Whetstone, ID: 114
Alex_B0BS criou uma casa. Local: Praia de Santa Maria, ID: 114
Alex_B0BS criou uma casa. Local: Temple, ID: 115
Gabriel_Dono criou uma casa. Local: Ganton, ID: 116
Gabriel_Dono criou uma casa. Local: Ganton, ID: 117
DirectX criou uma casa. Local: Whetstone, ID: 118
DirectX criou uma casa. Local: Bone County, ID: 119
DirectX criou uma casa. Local: Bone County, ID: 120
DirectX criou uma casa. Local: Ocean Flats, ID: 121
DirectX criou uma casa. Local: Ocean Flats, ID: 122
DirectX criou uma casa. Local: Ocean Flats, ID: 123
DirectX criou uma casa. Local: Ocean Flats, ID: 124
DirectX criou uma casa. Local: Ocean Flats, ID: 125
DirectX criou uma casa. Local: Dillimore, ID: 103
DirectX criou uma casa. Local: North Rock, ID: 104
DirectX criou uma casa. Local: North Rock, ID: 104
DirectX criou uma casa. Local: North Rock, ID: 126
DirectX criou uma casa. Local: Hilltop Farm, ID: 127
DirectX criou uma casa. Local: Hilltop Farm, ID: 128
DirectX criou uma casa. Local: Hilltop Farm, ID: 129
DirectX criou uma casa. Local: Hilltop Farm, ID: 130
DirectX criou uma casa. Local: Hilltop Farm, ID: 131
DirectX criou uma casa. Local: Hilltop Farm, ID: 132
a_VaSt criou uma casa. Local: Hilltop Farm, ID: 132
DirectX criou uma casa. Local: Hilltop Farm, ID: 133
a_VaSt criou uma casa. Local: Fern Ridge, ID: 134
Vitor_Dono criou uma casa. Local: Dillimore, ID: 135
a_VaSt criou uma casa. Local: Praia de Santa Maria, ID: 136
Vitor_DK criou uma casa. Local: Blackfield, ID: 0
Vitor_DK criou uma casa. Local: Las Colinas, ID: 1
Vitor_DK criou uma casa. Local: Las Colinas, ID: 2
Vitor_DK criou uma casa. Local: Las Colinas, ID: 3
Vitor_DK criou uma casa. Local: Las Colinas, ID: 4
Vitor_DK criou uma casa. Local: Las Colinas, ID: 5
Vitor_DK criou uma casa. Local: Las Colinas, ID: 6
Vitor_DK criou uma casa. Local: Las Colinas, ID: 7
Vitor_DK criou uma casa. Local: Las Colinas, ID: 8
Vitor_DK criou uma casa. Local: Las Colinas, ID: 9
Vitor_DK criou uma casa. Local: Las Colinas, ID: 10
Vitor_DK criou uma casa. Local: Las Colinas, ID: 11
Vitor_DK criou uma casa. Local: Las Colinas, ID: 12
Vitor_DK criou uma casa. Local: Ganton, ID: 13
Vitor_DK criou uma casa. Local: Ganton, ID: 14
Vitor_DK criou uma casa. Local: Ganton, ID: 15
Vitor_DK criou uma casa. Local: Ganton, ID: 16
Vitor_DK criou uma casa. Local: Ganton, ID: 17
Vitor_DK criou uma casa. Local: Ganton, ID: 18
Vitor_DK criou uma casa. Local: Ganton, ID: 19
Vitor_DK criou uma casa. Local: Ganton, ID: 20
marcel06 criou uma casa. Local: Las Colinas, ID: 21
marcel06 criou uma casa. Local: Blackfield, ID: 22
Vitor_DK criou uma casa. Local: Mulholland, ID: 23
Vitor_DK criou uma casa. Local: Mulholland, ID: 24
Vitor_DK criou uma casa. Local: Mulholland, ID: 25
Vitor_DK criou uma casa. Local: Mulholland, ID: 26
Vitor_DK criou uma casa. Local: Mulholland, ID: 27
marcel06 criou uma casa. Local: Mulholland, ID: 28
Vitor_DK criou uma casa. Local: Temple, ID: 29
Vitor_DK criou uma casa. Local: Market, ID: 30
Vitor_DK criou uma casa. Local: Market, ID: 30
Vitor_DK criou uma casa. Local: Market, ID: 31
Vitor_DK criou uma casa. Local: Las Colinas, ID: 32
Vitor_DK criou uma casa. Local: Pilgrim, ID: 33
Vitor_DK criou uma casa. Local: Starfish Cassino, ID: 34
Vitor_DK criou uma casa. Local: Starfish Cassino, ID: 35
Vitor_DK criou uma casa. Local: Starfish Cassino, ID: 36
Vitor_DK criou uma casa. Local: Starfish Cassino, ID: 37
Vitor_DK criou uma casa. Local: Starfish Cassino, ID: 38
Vitor_DK criou uma casa. Local: Starfish Cassino, ID: 39
Vitor_DK criou uma casa. Local: Pilgrim, ID: 40
Vitor_DK criou uma casa. Local: Pilgrim, ID: 41
Vitor_DK criou uma casa. Local: Pilgrim, ID: 42
Vitor_DK criou uma casa. Local: Starfish Cassino, ID: 43
marcel06 criou uma casa. Local: Jefferson, ID: 44
luan157 criou uma casa. Local: Mulholland, ID: 45
SpeeD_DONO criou uma casa. Local: The Visage, ID: 46
luan157 criou uma casa. Local: Mulholland, ID: 47
luan157 criou uma casa. Local: Red County, ID: 48
marcel06 criou uma casa. Local: Red County, ID: 49
luan157 criou uma casa. Local: Red County, ID: 50
marcel06 criou uma casa. Local: Red County, ID: 51
marcel06 criou uma casa. Local: Bone County, ID: 52
