O(A) jogador(a) aleksei715 foi kickado(a) por BRVBot. Motivo: Não se Registrou/Logou
O(A) jogador(a) DAIRIS[LV] foi kickado(a) por BRVBot. Motivo: Não se Registrou/Logou
O(A) jogador(a) Tiago_Meneses foi kickado(a) por patolindo. Motivo: npc
O(A) jogador(a) Ronildo_Buarque foi kickado(a) por patolindo. Motivo: npc
O(A) jogador(a) Cezar_Camargo foi kickado(a) por patolindo. Motivo: npc
O(A) jogador(a) Samanta_Oliveira foi kickado(a) por patolindo. Motivo: npc
O(A) jogador(a) [Nescau]Leo foi kickado(a) por BRVBot. Motivo: Não se Registrou/Logou
O(A) jogador(a) [Nescau]Leo foi kickado(a) por BRVBot. Motivo: Não se Registrou/Logou
O(A) jogador(a) Trooner_M4ST3R foi kickado(a) por BRVBot. Motivo: Não se Registrou/Logou
O(A) jogador(a) Samanta_Oliveira foi kickado(a) por patolindo. Motivo: npc
O(A) jogador(a) Tiago_Meneses foi kickado(a) por patolindo. Motivo: npc
O(A) jogador(a) Ronildo_Buarque foi kickado(a) por patolindo. Motivo: npc
O(A) jogador(a) Cezar_Camargo foi kickado(a) por Bernardo_. Motivo: npc
O(A) jogador(a) Vinicius_Costa foi kickado(a) por BRVBot. Motivo: Não se Registrou/Logou
O(A) jogador(a) ALEXSANDER2012 foi kickado(a) por BRVBot. Motivo: Não se Registrou/Logou
O(A) jogador(a) pioyhuioh foi kickado(a) por BRVBot. Motivo: Não se Registrou/Logou
O(A) jogador(a) victor_lp foi kickado(a) por BRVBot. Motivo: Não se Registrou/Logou
O(A) jogador(a) Douglas_gabriel foi kickado(a) por BRVBot. Motivo: Não se Registrou/Logou
O(A) jogador(a) Bernardo_ foi kickado(a) por NIN0. Motivo: me cupa otario
O(A) jogador(a) BLack foi kickado(a) por BLack. Motivo: ate amanha galera bjs
O(A) jogador(a) Novatixi_Br foi kickado(a) por BRVBot. Motivo: Não se Registrou/Logou
O(A) jogador(a) KrAtOsNaUtA foi kickado(a) por Bernardo_. Motivo: xinga adm proxima eh ban
O(A) jogador(a) Samanta_Oliveira foi kickado(a) por gabriel. Motivo: npc
O(A) jogador(a) Tiago_Meneses foi kickado(a) por gabriel. Motivo: npc
O(A) jogador(a) Ronildo_Buarque foi kickado(a) por gabriel. Motivo: npc
O(A) jogador(a) Cezar_Camargo foi kickado(a) por gabriel. Motivo: npc
O(A) jogador(a) Muskito_. foi kickado(a) por BRVBot. Motivo: Flood Comando
O(A) jogador(a) Vinicius_Costa foi kickado(a) por BRVBot. Motivo: Flood Chat
O(A) jogador(a) Bicudo_O_Unico foi kickado(a) por BRVBot. Motivo: Não se Registrou/Logou
O(A) jogador(a) Bicudo foi kickado(a) por BRVBot. Motivo: Flood Comando
O(A) jogador(a) Pakito_P foi kickado(a) por BRVBot. Motivo: Ping Alto, Max: 1500
O(A) jogador(a) Mayana_XD foi kickado(a) por BRVBot. Motivo: Flood Comando
O(A) jogador(a) SHININGDONW foi kickado(a) por Mayana_XD. Motivo: :(
O(A) jogador(a) patolindo foi kickado(a) por Mayana_XD. Motivo: corno
O(A) jogador(a) Natasha_s2 foi kickado(a) por Mayana_XD. Motivo: so mais mal que voce
O(A) jogador(a) sviny foi kickado(a) por BRVBot. Motivo: Não se Registrou/Logou
O(A) jogador(a) purelard foi kickado(a) por Daniel. Motivo: tira o hack e volta
O(A) jogador(a) Pedro_Henrique foi kickado(a) por BRVBot. Motivo: Ping Alto, Max: 1500
O(A) jogador(a) CoToCo_NIce foi kickado(a) por BRVBot. Motivo: 3/3 Punições
O(A) jogador(a) CoToCo_NIce foi kickado(a) por Vitor_Dono. Motivo: chega krl
O(A) jogador(a) ADM_Pedro foi kickado(a) por Vitor_Dono. Motivo: otario
O(A) jogador(a) CoToCo_NIce foi kickado(a) por Mayana_XD. Motivo: eu falei
O(A) jogador(a) Vitor_Dono foi kickado(a) por BRVBot. Motivo: Não se Registrou/Logou
O(A) jogador(a) Vitor_Dono foi kickado(a) por BRVBot. Motivo: Não se Registrou/Logou
O(A) jogador(a) Vlad_Lupik foi kickado(a) por BRVBot. Motivo: Não se Registrou/Logou
O(A) jogador(a) Joni_Cool foi kickado(a) por BRVBot. Motivo: Não se Registrou/Logou
O(A) jogador(a) pa@sha foi kickado(a) por BRVBot. Motivo: Não se Registrou/Logou
O(A) jogador(a) Miguel_Saraiva foi kickado(a) por BRVBot. Motivo: Não aceitou as Regras
O(A) jogador(a) seba_cumbierito foi kickado(a) por BRVBot. Motivo: Não se Registrou/Logou
O(A) jogador(a) IVAN foi kickado(a) por BRVBot. Motivo: Não se Registrou/Logou
O(A) jogador(a) Tabris foi kickado(a) por BRVBot. Motivo: Não se Registrou/Logou
O(A) jogador(a) Asoume foi kickado(a) por BRVBot. Motivo: Não se Registrou/Logou
O(A) jogador(a) SrSmith foi kickado(a) por BRVBot. Motivo: Ping Alto, Max: 1500
O(A) jogador(a) cerial foi kickado(a) por BRVBot. Motivo: Não se Registrou/Logou
O(A) jogador(a) junior foi kickado(a) por BRVBot. Motivo: Não se Registrou/Logou
O(A) jogador(a) junior foi kickado(a) por BRVBot. Motivo: Não se Registrou/Logou
O(A) jogador(a) RUGLEY023 foi kickado(a) por BRVBot. Motivo: Não se Registrou/Logou
O(A) jogador(a) pit_bull foi kickado(a) por BRVBot. Motivo: Ping Alto, Max: 1500
O(A) jogador(a) pit_bull foi kickado(a) por BRVBot. Motivo: Ping Alto, Max: 1500
O(A) jogador(a) worm_DETRITOS foi kickado(a) por BRVBot. Motivo: 3/3 Punições
O(A) jogador(a) yan foi kickado(a) por BRVBot. Motivo: Não se Registrou/Logou
O(A) jogador(a) RATO foi kickado(a) por BRVBot. Motivo: Não se Registrou/Logou
O(A) jogador(a) Vitor_Dono foi kickado(a) por CoToCo_NIce. Motivo: paro namoral
O(A) jogador(a) CoToCo_NIce foi kickado(a) por Vitor_Dono. Motivo: quantas vezes ja fui banido
O(A) jogador(a) Farsmark foi kickado(a) por Vitor_Dono. Motivo: quantas vezes ja fui banido
O(A) jogador(a) kaique_silva foi kickado(a) por BRVBot. Motivo: 10 Tentativas de Login
O(A) jogador(a) AlexDoidinhoGames foi kickado(a) por BRVBot. Motivo: Flood Comando
O(A) jogador(a) gustavo foi kickado(a) por BRVBot. Motivo: Não se Registrou/Logou
O(A) jogador(a) gustavo foi kickado(a) por BRVBot. Motivo: Não se Registrou/Logou
O(A) jogador(a) daniel_3 foi kickado(a) por BRVBot. Motivo: Não se Registrou/Logou
O(A) jogador(a) daniel_1532 foi kickado(a) por BRVBot. Motivo: Não se Registrou/Logou
O(A) jogador(a) junior_detritos foi kickado(a) por BRVBot. Motivo: Flood Chat
O(A) jogador(a) Rafita foi kickado(a) por BRVBot. Motivo: Ping Alto, Max: 1500
O(A) jogador(a) defi_deft foi kickado(a) por BRVBot. Motivo: Não se Registrou/Logou
O(A) jogador(a) Gabrielzinho_ foi kickado(a) por BRVBot. Motivo: 3/3 Punições
O(A) jogador(a) Rokas_Kinas foi kickado(a) por BRVBot. Motivo: Não se Registrou/Logou
O(A) jogador(a) Exp_Drift foi kickado(a) por BRVBot. Motivo: Flood Comando
O(A) jogador(a) Goder_Gergo foi kickado(a) por BRVBot. Motivo: Não se Registrou/Logou
O(A) jogador(a) LucasStreet foi kickado(a) por BRVBot. Motivo: Flood Chat
O(A) jogador(a) Sehenth foi kickado(a) por BRVBot. Motivo: Flood Comando
O(A) jogador(a) junior_detritos foi kickado(a) por BRVBot. Motivo: Flood Comando
O(A) jogador(a) Ryder foi kickado(a) por BRVBot. Motivo: Não se Registrou/Logou
O(A) jogador(a) Ryder foi kickado(a) por BRVBot. Motivo: Não se Registrou/Logou
O(A) jogador(a) ThiagoLima foi kickado(a) por BRVBot. Motivo: Não se Registrou/Logou
O(A) jogador(a) Everson foi kickado(a) por BRVBot. Motivo: Flood Chat
O(A) jogador(a) Jeb foi kickado(a) por BRVBot. Motivo: Não se Registrou/Logou
O(A) jogador(a) David_MW3 foi kickado(a) por MaDruGa. Motivo: sua irma
O(A) jogador(a) MaDruGa foi kickado(a) por BRVBot. Motivo: Flood Kill
O(A) jogador(a) kaplan foi kickado(a) por BRVBot. Motivo: Não se Registrou/Logou
O(A) jogador(a) kaplan foi kickado(a) por BRVBot. Motivo: Não se Registrou/Logou
O(A) jogador(a) _SweeT_ foi kickado(a) por BRVBot. Motivo: Flood Chat
O(A) jogador(a) Miguel_Saraiva foi kickado(a) por MaDruGa. Motivo: NAO MULTA ADM
O(A) jogador(a) pit_bull foi kickado(a) por BRVBot. Motivo: Ping Alto, Max: 1500
O(A) jogador(a) _Kykyry foi kickado(a) por BRVBot. Motivo: Não se Registrou/Logou
O(A) jogador(a) Karol_PSY foi kickado(a) por BRVBot. Motivo: Não se Registrou/Logou
O(A) jogador(a) Devil_Detonados foi kickado(a) por BRVBot. Motivo: Flood Comando
O(A) jogador(a) pit_bull foi kickado(a) por BRVBot. Motivo: Ping Alto, Max: 1500
O(A) jogador(a) pit_bull foi kickado(a) por BRVBot. Motivo: Ping Alto, Max: 1500
O(A) jogador(a) Liquiang_Shi foi kickado(a) por BRVBot. Motivo: Não se Registrou/Logou
O(A) jogador(a) Fandeison_Santos foi kickado(a) por BRVBot. Motivo: Não se Registrou/Logou
O(A) jogador(a) CmPunk foi kickado(a) por BRVBot. Motivo: Não se Registrou/Logou
O(A) jogador(a) Super123 foi kickado(a) por BRVBot. Motivo: Não se Registrou/Logou
O(A) jogador(a) dikiy2 foi kickado(a) por BRVBot. Motivo: Não se Registrou/Logou
O(A) jogador(a) kiraly foi kickado(a) por BRVBot. Motivo: Não se Registrou/Logou
O(A) jogador(a) SAQO foi kickado(a) por BRVBot. Motivo: Não se Registrou/Logou
O(A) jogador(a) [BVO]Minidim_$BNCDS foi kickado(a) por BRVBot. Motivo: Não se Registrou/Logou
O(A) jogador(a) AlexDoidinhoGames foi kickado(a) por BRVBot. Motivo: Flood Comando
O(A) jogador(a) [RC]Rodrigo_C foi kickado(a) por BRVBot. Motivo: Flood Chat
O(A) jogador(a) King_Plays foi kickado(a) por BRVBot. Motivo: Flood Comando
O(A) jogador(a) Pedro_Kamikazerbr foi kickado(a) por BRVBot. Motivo: Flood Chat
O(A) jogador(a) aaaaaaaaaa foi kickado(a) por BRVBot. Motivo: Não se Registrou/Logou
O(A) jogador(a) junior foi kickado(a) por BRVBot. Motivo: Não se Registrou/Logou
O(A) jogador(a) neguinho51x foi kickado(a) por BRVBot. Motivo: Não aceitou as Regras
O(A) jogador(a) GTA foi kickado(a) por BRVBot. Motivo: Não se Registrou/Logou
O(A) jogador(a) Victor_Krausen foi kickado(a) por BRVBot. Motivo: Não aceitou as Regras
O(A) jogador(a) Devil_Detonados foi kickado(a) por BRVBot. Motivo: Flood Chat
O(A) jogador(a) Devil_Detonados foi kickado(a) por BRVBot. Motivo: Não se Registrou/Logou
O(A) jogador(a) bruno_souza foi kickado(a) por BRVBot. Motivo: Não se Registrou/Logou
O(A) jogador(a) taynah foi kickado(a) por BRVBot. Motivo: Não se Registrou/Logou
O(A) jogador(a) minidim_22 foi kickado(a) por BRVBot. Motivo: Não se Registrou/Logou
O(A) jogador(a) a_VaSt foi kickado(a) por DirectX. Motivo: 000
O(A) jogador(a) junior_detritos foi kickado(a) por BRVBot. Motivo: Flood Comando
O(A) jogador(a) Cinbinha foi kickado(a) por BRVBot. Motivo: Não se Registrou/Logou
O(A) jogador(a) Barcotz foi kickado(a) por BRVBot. Motivo: Ping Alto, Max: 1500
O(A) jogador(a) __CreativE__ foi kickado(a) por BRVBot. Motivo: Flood Kill
O(A) jogador(a) enzo_foda foi kickado(a) por BRVBot. Motivo: Não se Registrou/Logou
O(A) jogador(a) The_Capimen_TheThird foi kickado(a) por BRVBot. Motivo: Ping Alto, Max: 1500
O(A) jogador(a) Black_Sky foi kickado(a) por BRVBot. Motivo: Ping Alto, Max: 1500
O(A) jogador(a) The_Capimen_TheThird foi kickado(a) por BRVBot. Motivo: Ping Alto, Max: 1500
O(A) jogador(a) Black_Skys foi kickado(a) por BRVBot. Motivo: Ping Alto, Max: 1500
O(A) jogador(a) @alle_xandre foi kickado(a) por BRVBot. Motivo: Flood Comando
O(A) jogador(a) DirectX foi kickado(a) por a_VaSt. Motivo: paraaaa
O(A) jogador(a) lorrany foi kickado(a) por BRVBot. Motivo: Não se Registrou/Logou
O(A) jogador(a) DirectX foi kickado(a) por BRVBot. Motivo: Flood Comando
O(A) jogador(a) Jhon_Rambo foi kickado(a) por BRVBot. Motivo: Flood Kill
O(A) jogador(a) [SCR]Harold.1995 foi kickado(a) por BRVBot. Motivo: Não se Registrou/Logou
O(A) jogador(a) monica_linda foi kickado(a) por BRVBot. Motivo: Flood Comando
O(A) jogador(a) The_Capimen_TheThird foi kickado(a) por BRVBot. Motivo: Não se Registrou/Logou
O(A) jogador(a) Vitor_Dono foi kickado(a) por BRVBot. Motivo: Não se Registrou/Logou
O(A) jogador(a) DirectX foi kickado(a) por BRVBot. Motivo: Ping Alto, Max: 1500
O(A) jogador(a) DirectX foi kickado(a) por BRVBot. Motivo: Flood Comando
O(A) jogador(a) The_Capimen_TheThird foi kickado(a) por BRVBot. Motivo: Não se Registrou/Logou
O(A) jogador(a) The_Capimen_TheThird foi kickado(a) por BRVBot. Motivo: Não se Registrou/Logou
O(A) jogador(a) The_Capimen_ foi kickado(a) por BRVBot. Motivo: Ping Alto, Max: 1500
O(A) jogador(a) Natan_Roberto foi kickado(a) por BRVBot. Motivo: Não se Registrou/Logou
O(A) jogador(a) Barcotz foi kickado(a) por BRVBot. Motivo: Flood Kill
O(A) jogador(a) @le_xadre foi kickado(a) por BRVBot. Motivo: Flood Comando
O(A) jogador(a) @allle_xadre foi kickado(a) por BRVBot. Motivo: Não se Registrou/Logou
O(A) jogador(a) @alle_xadre foi kickado(a) por BRVBot. Motivo: Não se Registrou/Logou
O(A) jogador(a) Bruno foi kickado(a) por BRVBot. Motivo: Não se Registrou/Logou
O(A) jogador(a) DirectX foi kickado(a) por BRVBot. Motivo: Flood Comando
O(A) jogador(a) Marcos_Colte foi kickado(a) por BRVBot. Motivo: Não se Registrou/Logou
O(A) jogador(a) LEXA foi kickado(a) por BRVBot. Motivo: Não se Registrou/Logou
O(A) jogador(a) messi_nik foi kickado(a) por BRVBot. Motivo: Não se Registrou/Logou
O(A) jogador(a) victor foi kickado(a) por BRVBot. Motivo: Não se Registrou/Logou
O(A) jogador(a) a_VaSt foi kickado(a) por BRVBot. Motivo: Flood Comando
O(A) jogador(a) @alle_xandre foi kickado(a) por BRVBot. Motivo: Não se Registrou/Logou
O(A) jogador(a) [C1V]SubZero foi kickado(a) por VCLBot. Motivo: Não se Registrou/Logou
O(A) jogador(a) SubZero_C1V foi kickado(a) por VCLBot. Motivo: Não se Registrou/Logou
O(A) jogador(a) SubZero_C1V foi kickado(a) por VCLBot. Motivo: Não se Registrou/Logou
O(A) jogador(a) marcel06 foi kickado(a) por VCLBot. Motivo: Não se Registrou/Logou
