Trooner_L0C0 criou um portão. Local: Mulholland, ID: 0
Trooner_L0C0 criou um portão. Local: Richman, ID: 1
Trooner_L0C0 criou um portão. Local: Richman, ID: 2
Trooner_L0C0 criou um portão. Local: Richman, ID: 3
Mayana_XD criou um portão. Local: The Strip, ID: 4
Mayana_XD criou um portão. Local: Flint County, ID: 4
Mayana_XD criou um portão. Local: Flint County, ID: 5
Mayana_XD criou um portão. Local: Commerce, ID: 6
Vitor_Dono criou um portão. Local: Commerce, ID: 7
Vitor_Dono criou um portão. Local: Commerce, ID: 7
MaDruGa criou um portão. Local: Richman, ID: 8
Vitor_Dono criou um portão. Local: Mulholland, ID: 9
Vitor_Dono criou um portão. Local: Temple, ID: 10
Vitor_DK criou um portão. Local: Blackfield, ID: 0
marcel06 criou um portão. Local: Jefferson, ID: 1
marcel06 criou um portão. Local: Mulholland, ID: 2
marcel06 criou um portão. Local: Mulholland, ID: 2
SpeeD_DONO criou um portão. Local: The Visage, ID: 3
SpeeD_DONO criou um portão. Local: The Visage, ID: 4
SpeeD_DONO criou um portão. Local: Mulholland, ID: 5
Tercio_Felipe criou um portão. Local: Commerce, ID: 0
