Trooner_L0C0 criou uma propriedade. Local: Aeroporto de Los Santos, ID: 0
Trooner_L0C0 criou uma propriedade. Local: Aeroporto de Los Santos, ID: 1
Trooner_L0C0 criou uma propriedade. Local: Aeroporto de Los Santos, ID: 2
Trooner_L0C0 criou uma propriedade. Local: Aeroporto de Los Santos, ID: 3
Trooner_L0C0 criou uma propriedade. Local: Aeroporto de Los Santos, ID: 4
Trooner_L0C0 criou uma propriedade. Local: Aeroporto de Los Santos, ID: 5
Trooner_L0C0 criou uma propriedade. Local: Las Colinas, ID: 6
Gabriel_Dono criou uma propriedade. Local: The Big Ear, ID: 7
CoToCo_NIce criou uma propriedade. Local: Praia de Verona, ID: 8
CoToCo_NIce criou uma propriedade. Local: Praia de Verona, ID: 9
CoToCo_NIce criou uma propriedade. Local: Praia de Verona, ID: 10
CoToCo_NIce criou uma propriedade. Local: Praia de Verona, ID: 11
CoToCo_NIce criou uma propriedade. Local: Praia de Verona, ID: 12
CoToCo_NIce criou uma propriedade. Local: Praia de Verona, ID: 13
CoToCo_NIce criou uma propriedade. Local: Praia de Verona, ID: 14
CoToCo_NIce criou uma propriedade. Local: Marina, ID: 15
CoToCo_NIce criou uma propriedade. Local: Marina, ID: 16
CoToCo_NIce criou uma propriedade. Local: Marina, ID: 17
CoToCo_NIce criou uma propriedade. Local: Marina, ID: 18
Vitor_Dono criou uma propriedade. Local: Whetstone, ID: 19
DirectX criou uma propriedade. Local: Downtown, ID: 20
DirectX criou uma propriedade. Local: Marina, ID: 21
DirectX criou uma propriedade. Local: Marina, ID: 22
DirectX criou uma propriedade. Local: Marina, ID: 23
DirectX criou uma propriedade. Local: Marina, ID: 24
DirectX criou uma propriedade. Local: Marina, ID: 25
DirectX criou uma propriedade. Local: Idlewood, ID: 26
DirectX criou uma propriedade. Local: Idlewood, ID: 27
DirectX criou uma propriedade. Local: Idlewood, ID: 28
DirectX criou uma propriedade. Local: Idlewood, ID: 29
DirectX criou uma propriedade. Local: Whetstone, ID: 30
DirectX criou uma propriedade. Local: Ocean Flats, ID: 31
DirectX criou uma propriedade. Local: Hilltop Farm, ID: 32
DirectX criou uma propriedade. Local: Hilltop Farm, ID: 33
DirectX criou uma propriedade. Local: Hilltop Farm, ID: 34
DirectX criou uma propriedade. Local: Hilltop Farm, ID: 35
DirectX criou uma propriedade. Local: Hilltop Farm, ID: 36
[C1V]SubZero criou uma propriedade. Local: Commerce, ID: 0
Vitor_DK criou uma propriedade. Local: Las Colinas, ID: 0
Vitor_DK criou uma propriedade. Local: Las Colinas, ID: 1
Vitor_DK criou uma propriedade. Local: Starfish Cassino, ID: 2
luan157 criou uma propriedade. Local: Las Venturas, ID: 3
